### Домашнее задание ###



#####Секционирование таблицы#####  


**Секционировать большую таблицу из демо базы flights**

база : https://edu.postgrespro.ru/demo-big.zip  

вм. dz011  

Устанавливаем постгрес :  

sudo sh -c 'echo "deb http://apt.postgresql.org/pub/repos/apt $(lsb_release -cs)-pgdg main" > /etc/apt/sources.list.d/pgdg.list' && wget --quiet -O - https://www.postgresql.org/media/keys/ACCC4CF8.asc | sudo apt-key add - && sudo apt-get update && sudo apt-get -y install postgresql  

sudo -s   
apt-get install wget  

качаем базу :   
wget https://edu.postgrespro.ru/demo-big.zip  

apt-get install unzip  
unzip demo-big.zip   

sudo  -u postgres psql  < demo-big-20170815.sql  

sudo  -u postgres psql     

\c demo ;  
demo=# \dt+  
                                        List of relations
  Schema  |      Name       | Type  |  Owner   | Persistence |  Size  |        Description        
----------+-----------------+-------+----------+-------------+--------+---------------------------
 bookings | aircrafts_data  | table | postgres | permanent   | 16 kB  | Aircrafts (internal data)
 bookings | airports_data   | table | postgres | permanent   | 56 kB  | Airports (internal data)
 bookings | boarding_passes | table | postgres | permanent   | 455 MB | Boarding passes
 bookings | bookings        | table | postgres | permanent   | 105 MB | Bookings
 bookings | flights         | table | postgres | permanent   | 21 MB  | Flights
 bookings | seats           | table | postgres | permanent   | 96 kB  | Seats
 bookings | ticket_flights  | table | postgres | permanent   | 547 MB | Flight segment
 bookings | tickets         | table | postgres | permanent   | 386 MB | Tickets

выбираем для експериментов  bookings.ticket_flights как самую большую.   

 \d  bookings.ticket_flights;  
                     Table "bookings.ticket_flights"
     Column      |         Type          | Collation | Nullable | Default 
-----------------+-----------------------+-----------+----------+---------
 ticket_no       | character(13)         |           | not null | 
 flight_id       | integer               |           | not null | 
 fare_conditions | character varying(10) |           | not null | 
 amount          | numeric(10,2)         |           | not null | 
Indexes:
    "ticket_flights_pkey" PRIMARY KEY, btree (ticket_no, flight_id)


create schema  flight_1;  
создадим таблицу ticket_flights в новой схеме уже как секционированную по хешам т.к.   
ключ уникальный по двум полям то по ним и делаем хеш   

create table flight_1.ticket_flights (  
ticket_no character(13)    ,  
flight_id int,  
fare_conditions character varying(10) ,  
amount  numeric(10,2)   
) partition by hash(ticket_no,flight_id);  
create table ticket_flights_1 partition of flight_1.ticket_flights  FOR VALUES WITH (MODULUS 5, REMAINDER 0);  
create table ticket_flights_2 partition of flight_1.ticket_flights  FOR VALUES WITH (MODULUS 5, REMAINDER 1);  
create table ticket_flights_3 partition of flight_1.ticket_flights  FOR VALUES WITH (MODULUS 5, REMAINDER 2);  
create table ticket_flights_4 partition of flight_1.ticket_flights  FOR VALUES WITH (MODULUS 5, REMAINDER 3);  
create table ticket_flights_5 partition of flight_1.ticket_flights  FOR VALUES WITH (MODULUS 5, REMAINDER 4);  

 insert into flight_1.ticket_flights  (select * from  bookings.ticket_flights);  
INSERT 0 8391852  

примерно так распределилось :   

 select count(*) from ticket_flights_3 partition;  
  count   
---------
 1677838
(1 row)

demo=# select count(*) from ticket_flights_1 partition;  
  count    
---------
 1678001
(1 row)
....
смотрим  

explain select * from flight_1.ticket_flights where ticket_no = '0005432079221' and flight_id=36094;  
                                            QUERY PLAN                                             
---------------------------------------------------------------------------------------------------
 Gather  (cost=1000.00..25471.61 rows=1 width=32)  
   Workers Planned: 2  
   ->  Parallel Seq Scan on **ticket_flights_1** ticket_flights  (cost=0.00..24471.51 rows=1 width=32)  
         Filter: ((ticket_no = '0005432079221'::bpchar) AND (flight_id = 36094))  
(4 rows)  

при запросе по нужному хешу смотрит только одну таблицу .  

Если же выбираем диапозон то смотрит все :   
explain select * from flight_1.ticket_flights where ticket_no between '0005432079220' and '0005432079222' and  flight_id=36094;  
                                                            QUERY PLAN                                                             
-----------------------------------------------------------------------------------------------------------------------------------
 Gather  (cost=1000.00..132125.11 rows=5 width=32)  
   Workers Planned: 2  
   ->  Parallel Append  (cost=0.00..131124.61 rows=5 width=32)  
         ->  Parallel Seq Scan on ticket_flights_4  (cost=0.00..26241.76 rows=1 width=32)  
               Filter: ((ticket_no >= '0005432079220'::bpchar) AND (ticket_no <= '0005432079222'::bpchar) AND (flight_id = 36094))  
         ->  Parallel Seq Scan on ticket_flights_2  (cost=0.00..26227.25 rows=1 width=32)  
               Filter: ((ticket_no >= '0005432079220'::bpchar) AND (ticket_no <= '0005432079222'::bpchar) AND (flight_id = 36094))  
         ->  Parallel Seq Scan on ticket_flights_5  (cost=0.00..26219.91 rows=1 width=32)  
               Filter: ((ticket_no >= '0005432079220'::bpchar) AND (ticket_no <= '0005432079222'::bpchar) AND (flight_id = 36094))  
         ->  Parallel Seq Scan on ticket_flights_1  (cost=0.00..26219.42 rows=1 width=32)  
               Filter: ((ticket_no >= '0005432079220'::bpchar) AND (ticket_no <= '0005432079222'::bpchar) AND (flight_id = 36094))  
         ->  Parallel Seq Scan on ticket_flights_3  (cost=0.00..26216.24 rows=1 width=32)  
               Filter: ((ticket_no >= '0005432079220'::bpchar) AND (ticket_no <= '0005432079222'::bpchar) AND (flight_id = 36094))  
 JIT:  
   Functions: 10  
   Options: Inlining false, Optimization false, Expressions true, Deforming true  
(16 rows)  


